The products in preorder are:
Triferment 12.500000 7 20150610 20200102 
Algocalmin 8.350000 10 20150916 20191012 
Dermit 14.350000 20 20150619 20161015 
Cerutin 5.300000 14 20150906 20200816 
Aspirin 7.650000 6 20150702 20190702 
Oxacilina 9.200000 12 20150219 20200912 
Zinat 19.629999 15 20161209 20171209 

Expired products are:
Triferment 12.500000 7 20150610 20200102 
Algocalmin 8.350000 10 20150916 20191012 
Dermit 14.350000 20 20150619 20161015 
Aspirin 7.650000 6 20150702 20190702 
Zinat 19.629999 15 20161209 20171209 

Medicine Dermit deleted from products list
Medicine Dermit deleted from expired products list

The products in preorder are:
Triferment 12.500000 7 20150610 20200102 
Algocalmin 8.350000 10 20150916 20191012 
Oxacilina 9.200000 12 20150219 20200912 
Cerutin 5.300000 14 20150906 20200816 
Aspirin 7.650000 6 20150702 20190702 
Zinat 19.629999 15 20161209 20171209 

Expired products are:
Triferment 12.500000 7 20150610 20200102 
Algocalmin 8.350000 10 20150916 20191012 
Aspirin 7.650000 6 20150702 20190702 
Zinat 19.629999 15 20161209 20171209 

Medicine Aspirin found and modified

The products in preorder are:
Triferment 12.500000 7 20150610 20200102 
Algocalmin 8.350000 10 20150916 20191012 
Oxacilina 9.200000 12 20150219 20200912 
Cerutin 5.300000 14 20150906 20200816 
Aspirin_New 4.500000 15 20150702 20190702 
Zinat 19.629999 15 20161209 20171209 

Expired products are:
Triferment 12.500000 7 20150610 20200102 
Algocalmin 8.350000 10 20150916 20191012 
Aspirin_New 4.500000 15 20150702 20190702 
Zinat 19.629999 15 20161209 20171209 

Medicine Triferment found and modified
Medicine Triferment deleted from expired products list because it is not expired anymore

The products in preorder are:
Zinat 19.629999 15 20161209 20171209 
Algocalmin 8.350000 10 20150916 20191012 
Oxacilina 9.200000 12 20150219 20200912 
Cerutin 5.300000 14 20150906 20200816 
Aspirin_New 4.500000 15 20150702 20190702 
Triferment_new 12.500000 7 20150610 20211012 

Expired products are:
Zinat 19.629999 15 20161209 20171209 
Algocalmin 8.350000 10 20150916 20191012 
Aspirin_New 4.500000 15 20150702 20190702 

